<?xml version="1.0" encoding="UTF-8"?>
<!-- Generated by org.testng.reporters.JUnitReportReporter -->
<testsuite hostname="LAPTOP-CPR1IHHO" failures="0" tests="1" name="tests.DashboardTest" time="2.291" errors="0" timestamp="2025-09-13T08:16:30 IST" skipped="0">
  <testcase classname="tests.DashboardTest" name="test_dashboard" time="2.291"/>
</testsuite> <!-- tests.DashboardTest -->
