<?xml version="1.0" encoding="UTF-8"?>
<!-- Generated by org.testng.reporters.JUnitReportReporter -->
<testsuite hostname="LAPTOP-CPR1IHHO" failures="0" tests="2" name="tests.LoginTest" time="14.860" errors="0" timestamp="2025-09-13T08:16:30 IST" skipped="0">
  <testcase classname="tests.LoginTest" name="test_validLogin" time="7.275"/>
  <testcase classname="tests.LoginTest" name="test_invalidLogin" time="7.585"/>
</testsuite> <!-- tests.LoginTest -->
