<?xml version="1.0" encoding="UTF-8"?>
<!-- Generated by org.testng.reporters.JUnitReportReporter -->
<testsuite hostname="LAPTOP-CPR1IHHO" failures="0" tests="1" name="tests.RegistrationTest" time="4.985" errors="0" timestamp="2025-09-13T08:16:30 IST" skipped="0">
  <testcase classname="tests.RegistrationTest" name="test_registration" time="4.985"/>
</testsuite> <!-- tests.RegistrationTest -->
